-1.9981348391294502
-0.2673293574809145
-0.17040136339220466
-0.08971374434642018
-0.27641433605363047
-0.24075601197326701
-0.11089820259673289
-0.2623843551900981
-0.2963346608703821
-0.09350949249920396
-0.2617820753252041
-0.3111252628007695
-0.12444787081912845
-0.3099368416010229
-0.3403848307226564
-0.11251546895732537
-0.3426852925175107
-0.3277653641853264
-0.10213293389132354
-0.356074060383436
-0.35835857129964693
-0.11635155077653463
-0.3188914910098264
-0.35950988699774283
-0.10205444560443114
-0.33672159331998014
-0.3506310336199419
-0.07363924894049675
-0.32768237298858643
-0.35158140679282324
-0.07595649987993872
-0.3604356164013058
-0.35187190058458073
-0.10834355053167201
-0.3405402427039754
-0.34937998220362176
-0.10288867882373486
-0.3311688595418015
-0.3412462789746836
-0.08619941719202358
-0.3020643272615108
-0.3252811214795107
-0.1267251553001072
-0.2874820884563865
-0.30617926082484664
-0.10986423622525518
-0.2330002963783186
-0.26000597549840865
-0.4643779213922696
-0.23968367186624376
-0.2725007760663199
-0.4925738320729499
-0.23616460458218502
-0.29305742176381894
-0.484263989531738
-0.22771828978363115
-0.31914376304166364
-0.46775228602787416
-0.13946117477161057
-0.28057611910591884
-0.3094606383362125
-0.07779690354907566
-0.2631135574828056
-0.24952793505841916
-0.029253074841589503
-0.20791578473145048
-0.23379864580316612
-0.3793027414627918
-0.3038917411543577
-0.19734285803149318
-0.3638944455760725
-0.36910087451176343
-0.2573303929160231
-0.3400868799551824
-0.3906071029615856
-0.3116624468184445
-0.34254469777993024
-0.39173424044682714
-0.3707811645386002
-0.342963814631465
-0.39746617459361444
-0.4297210548259068
-0.3542774369056748
-0.41554438675214705
-0.4987838368553482
-0.3530757056669061
-0.418915700027948
-0.5339699806664792
-0.3399710080641786
-0.42443748748005944
-0.5551878343344538
-0.33587280267252184
-0.4307369819761433
-0.6154015410375937
-0.33465364267396336
-0.4378722289647393
-0.6384914861455341
-0.3232105623212208
-0.43892039881135075
-0.6416946067046897
-0.3238885869525799
-0.4441201910389425
-0.608335466054936
-0.3260640276150378
-0.43068687992944166
-0.5914002161276981
-0.30800492625577214
-0.4196882388285817
-0.5583124285109782
-0.313295203007715
-0.41757765618133547
-0.5098491995715383
-0.3147315358683904
-0.4210212936266449
-0.47970811192516205
-0.29659402894189774
-0.4098115308406773
-0.44046226269128386
-0.294495776039111
-0.4005624849989982
-0.43812841729104224
-0.2435152619967704
-0.3711557031359252
-0.321605663709765
-0.1725333506574513
-0.33781106991746873
-0.2647765648908286
-0.09880669262616489
-0.3015915137564532
-0.24086493601803005
-0.33104039864095286
-0.24174566166889183
-0.24301031070643517
-0.3285453199288103
-0.2999838358811388
-0.2974208964252845
-0.3115873098025828
-0.34414762297193985
-0.33533898145621177
-0.30523312233494876
-0.3383181073928243
-0.4004461504247225
-0.3303011521139096
-0.35733180456701946
-0.3786072217265098
-0.33893987408466925
-0.3685695753397668
-0.37391523507314123
-0.3525242498040637
-0.38677814954336664
-0.3833652600387906
-0.3430725419481348
-0.38922852565006183
-0.34630504433333675
-0.3372944363430243
-0.39599270183038154
-0.3513280439417052
-0.34685883508300464
-0.40762785095408915
-0.3468221443656327
-0.34599113593023817
-0.41168888781704244
-0.35015596691344075
-0.34876354401758075
-0.41980312622833105
-0.33120067449740426
-0.3506575452949318
-0.4195132269409418
-0.3555519626483737
-0.35762310582282636
-0.4303744858218746
-0.36086147905800425
-0.3634136121338954
-0.4479213246821841
-0.36843010082572775
-0.3619205815833983
-0.44629667163424824
-0.378754344446544
-0.3616526972331212
-0.435114021668007
-0.3387352637429198
-0.3557473352033535
-0.43398045543813213
-0.33561434000208074
-0.3389441542931075
-0.4215608776946775
-0.3709008234220974
-0.2056350705376017
-0.39925883605021045
-0.2545229302720588
-0.22006902026435693
-0.3763245073705602
-0.3822964728500178
-0.47942327288546505
-0.5438932844262117
-0.4765652132548589
-0.4689654099814663
-0.5369477071951249
-0.45857015637359133
-0.46551728519107627
-0.5344803344145942
-0.43087822235077117
-0.463046949412819
-0.5350361230169866
-0.4098741303254218
-0.4794457888367959
-0.5330481225370666
-0.4005303285790196
-0.47940841381535215
-0.5181198561262078
-0.3698456038186744
-0.4736040384499764
-0.5116688357812926
-0.36468428054293395
-0.43597552728567474
-0.5060455675817075
-0.3574717555037016
-0.452203930529519
-0.4933002559914671
-0.3382078969527494
-0.4449203494532261
-0.47830107731324134
-0.3066050380001165
-0.42868489890790257
-0.47628799619209283
-0.3124951408675457
-0.413101630752854
-0.46887690250649683
-0.2886357594828363
-0.4046745287652382
-0.4572381188466036
-0.2662347891936394
-0.3760824896553285
-0.4412729613514307
-0.2912389453919459
-0.36541295270015023
-0.4171956348950103
-0.276392687285841
-0.36325640515753516
-0.32177989015179187
-0.4260237681388717
-0.36630378342419817
-0.3459236085858755
-0.4504768888240486
-0.37820739535598097
-0.3762417547817641
-0.4425681852115543
-0.388838481740288
-0.4096778402101306
-0.43641967558701533
-0.38663869314197147
-0.41467526651795344
-0.414601187610072
-0.404729612866561
-0.42082187428581735
-0.3989694433949927
-0.412110959324241
-0.43583676882707634
-0.3776049151044785
-0.4252579330699552
-0.44351721733437405
-0.3695068005878506
-0.4433074623268372
-0.4525370209221782
-0.36382456071636593
-0.4498710148639003
-0.4559125484105562
-0.3567429208733476
-0.45317896769931854
-0.4556688968129451
-0.3593029815183113
-0.44366172788434594
-0.45949905237269234
-0.3648799659535651
-0.4443634696470262
-0.4621855177378307
-0.37775337229943556
-0.44176120654635925
-0.4705196695752252
-0.4066152109160006
-0.43548782140397757
-0.47727349567324845
-0.4220905606584781
-0.41826039519375524
-0.48259172742978473
-0.4592130388625563
-0.40899293924634234
-0.49040281572266464
-0.49513784826982127
-0.40383998962506396
-0.49706760529736155
-0.5344609614861103
-0.4155750906680876
-0.5027794196753009
-0.5509538409337267
-0.41464918751556384
-0.49343766814299167
-0.5572684995074555
-0.41683507474076337
-0.486932761277157
-0.5630266450695542
-0.4219316957859048
-0.4900353616153869
-0.5352723831933306
-0.4169719058756141
-0.49389052362725067
-0.5483859410807818
-0.4103622792807092
-0.4922252131548401
-0.5113086306894608
-0.4180555693699187
-0.48474642230387455
-0.48881681967381696
-0.42578395894750093
-0.46609795368812884
-0.4991324593499974
-0.4204094336660626
-0.46258290437264843
-0.4906642332063115
-0.4151790813262332
-0.4577780130161947
-0.44035697754530495
-0.4041151267480277
-0.4656813509441636
-0.4438712749835945
-0.41471654588019546
-0.4520521262825337
-0.43919672140149996
-0.4334446125173198
-0.4520521262825337
-0.4585209055924787
-0.42875478819798196
-0.44410567584642996
-0.44947508493594723
-0.43180475684061437
-0.45389291549645644
-0.41115699686268103
-0.43526522538517914
-0.460321192573541
-0.40786091956357484
-0.43760924661882894
-0.46586065931750625
-0.41322411986158764
-0.44103562336763896
-0.4625860328099567
-0.39573232663588664
-0.4373449500996972
-0.46851689084907017
-0.39872786931034265
-0.4389294255685087
-0.46851689084907017
-0.4328928473114257
-0.43697082233761514
-0.47257792771202345
-0.4361039881232629
-0.43543812857760866
-0.4744992792942137
-0.45205770894745556
-0.4375589020667892
-0.474594734571883
-0.44243275641809904
-0.4401719264619655
-0.4854559934528158
-0.43778262077735325
-0.42278547672685707
-0.4937463397192523
-0.46379405133801616
-0.4138512302313844
-0.49104519987753414
-0.4520398327206941
-0.3884782999362129
-0.4753232983255413
-0.42138048826301294
-0.3797499934864919
-0.47152544193625046
-0.4157787005983955
-0.36645408487660946
-0.4699855773831831
-0.39624136416256467
-0.348341169447259
-0.4773762262066509
-0.3817715594434304
-0.4320708140873035
-0.4688964470151061
-0.4854299890893134
-0.44584256538023814
-0.3226194634987338
-0.15950761998357843
-0.4531869775177956
-0.34629732584784195
-0.15655629963488812
-0.4468471879063553
-0.36853093261840525
-0.17748874737503095
-0.4441726814440248
-0.39991968931088306
-0.2039272010690368
-0.4388640685953974
-0.42135620130177603
-0.19198225196768595
-0.4273061226565372
-0.4423191334107909
-0.20341420452280926
-0.43575686349351644
-0.4615594728883977
-0.20706595843943057
-0.4284218186078522
-0.4685284379123872
-0.21635585527300624
-0.41988796155074515
-0.4719395142998901
-0.25032417024993825
-0.42270191990251194
-0.4779938592062683
-0.30415920701014676
-0.43187495687966254
-0.4770150412801555
-0.29177639706149405
-0.4489677533084202
-0.4969643745680817
-0.3193739247966788
-0.4518988424543623
-0.5024781703875493
-0.35520933615108574
-0.4664551497855771
-0.5034789209477806
-0.3709852988262787
-0.47206630857753806
-0.5020855463160514
-0.36710052946719923
-0.4849394705579494
-0.5020855463160514
-0.4079662745991378
-0.48971475707518325
-0.5219727916901328
-0.4152637979112463
-0.489625160541631
-0.5307173573612702
-0.42388265692148985
-0.4943770121928619
-0.5388563916288482
-0.4700575406726335
-0.49685309947544914
-0.5431805994198341
-0.497803216412212
-0.49598648741268997
-0.5456309755265292
-0.5722489817817515
-0.4872521345466142
-0.5456309755265292
-0.5539386836848119
-0.48969378875102954
-0.5480657753719096
-0.5657306662674886
-0.49796668163602364
-0.5493900627599615
-0.5558215763982598
-0.49186264085664133
-0.5453991574335006
-0.5560430228036302
-0.4829203780004207
-0.5439921525396078
-0.6127245279757706
-0.4946432873264502
-0.550331123206139
-0.6223727057143801
-0.4865203661197818
-0.5588805371958931
-0.6147937075099693
-0.4907858106602505
-0.5644264443009207
-0.6148133496773375
-0.548290554264268
-0.5644264443009207
-0.5931638446840504
-0.5390555680840838
-0.5590120626043424
-0.6116303285353513
-0.5347899984970413
-0.5590120626043424
-0.6106051885832602
-0.534182923438283
-0.5639312379089796
-0.5933222165374614
-0.535287286904364
-0.5612178945937946
-0.5887205504972055
-0.5337880627821405
-0.565012874312139
-0.5630759679756994
-0.5272584466569358
-0.5658297864620744
-0.5628476940325239
-0.529514519082768
-0.5645560749376131
-0.547235418932062
-0.5257616614408309
-0.5658165277633743
-0.5726793468563282
-0.5278252569238348
-0.5566481840272434
-0.553652328826366
-0.5235583547643241
-0.5566481840272434
-0.5336606724672757
-0.5174501946522718
-0.5533755683547031
-0.5097753660488735
-0.5061362571573854
-0.5530617222143903
-0.5136429586839701
-0.5150111848373424
-0.553984077229
-0.5053197438451923
-0.5078825591018301
-0.5526903086406303
-0.4772674522298246
-0.49741016913070607
-0.5392811320472343
-0.4676916791920293
-0.4968027918276528
-0.536674703834262
-0.4865625230371001
-0.4933082222177853
-0.5252887458487622
-0.46447709104539486
-0.49853625321314937
-0.5319747821411676
-0.4537389435696682
-0.4923925048816566
-0.5190969707629417
-0.44033279866212566
-0.5577217723838315
-0.5167232776810645
-0.43757887399965195
-0.562390323501269
-0.5183913262733227
-0.489751019530692
-0.5569615503930222
-0.5184547235365835
-0.4748386127673732
-0.552341827777178
-0.5050817252933645
-0.4869885993501593
-0.5449248502848301
-0.5032489809388869
-0.5166425996249614
-0.5271195953988579
-0.5842429276778458
-0.5433480831060093
-0.5232287560949281
-0.565859768708591
-0.5406971640150942
-0.4705921400982326
-0.5498502103409233
-0.45778373658926413
-0.43703921259320977
-0.5282991516104224
-0.446656888135519
-0.3940148728080807
-0.5146936778959811
-0.41345875440755364
-0.3694428018820992
-0.5079473886752636
-0.4071645953298462
-0.34663449272391034
-0.5002133118811425
-0.39349549473314915
-0.31438055180229074
-0.4834165876336365
-0.39178503765627914
-0.2909240122476512
-0.464767324104302
-0.4151654046590171
-0.2778837316908868
-0.4380059327687037
-0.41293126205030717
-0.2120939154045511
-0.37349192103400697
-0.3868514689084397
-0.07307472810707584
-0.22393568927527166
-0.2008609642771603
-0.2690470022529053
-0.3982475352563274
-0.40287065275766565
-0.2617025901153481
-0.3745696729072193
-0.4058219731063562
-0.04595519160716359
-0.13962547618001628
-0.17216394255635725
-0.2680423797267882
-0.35233606613665613
-0.38488952536621324
-0.26380249544933404
-0.276668728335853
-0.04313775110791002
-0.3453131736062834
-0.3857177490139251
-0.2442284427059871
-0.252708833015413
-0.24659619469662156
0.03758926990935914
-0.3422657953396203
-0.3615740305798414
-0.24024220594406678
-0.3207969458108373
-0.22539730177276435
-0.005306368027855224
-0.3303621834078376
-0.3298851343584215
-0.23528712209274383
-0.38285788448265173
-0.22792098409562597
-0.14380626930131224
-0.4370058359422566
-0.28286106598635763
-0.149447010690937
-0.32120349036577356
-0.15618649925974146
-0.19949204152727598
-0.42879665705119635
-0.2560996746507595
-0.14721286808222725
-0.21970800534333262
-0.09257193964454595
-0.1031335162392966
-0.40821522735123766
-0.2374504111214249
-0.1705932350849649
-0.2212091075116303
-0.24464294729872374
-0.43437920458528945
-0.3431566260636679
-0.29866475303618156
-0.3876880778502419
-0.21517403863348727
-0.2282051934423031
-0.44356473104067184
-0.3324870891084895
-0.2745874265797611
-0.3480100935370314
-0.19255107392783638
-0.29619169522185773
-0.34767195377685955
-0.2707168861891189
-0.32094730944417826
-0.35845107167220774
-0.08617122595138602
-0.15206829040139483
-0.14177582497621521
-0.27602549903774626
-0.29951079745328524
-0.37039602077355843
-0.07941301675076502
-0.08343614641041476
-0.1064941678003435
-0.2875834449766065
-0.27854786534427056
-0.35896406821843563
-0.29940130561522715
-0.2650991646361819
-0.0755957970781355
-0.3148187382037709
-0.2920820920025955
-0.22120878124265708
-0.29757803782159964
-0.24772303250450334
-0.13719624979930678
-0.3170185268020874
-0.2826169731133892
-0.260119283078903
-0.26661677922352517
-0.2370997543983367
-0.1439675596747306
-0.29493814686157915
-0.27647036534552516
-0.2597601207828343
-0.24535306276512642
-0.2300901480372533
-0.17913261624714152
-0.2844814149526368
-0.25824217350342166
-0.27032952601753696
-0.03912835218751054
-0.02815202546616837
-0.09119690977039613
-0.03329366510420242
-0.039370610947188495
-0.1157925611081044
-0.37576561183949464
-0.2206536868739189
-0.16888277800809495
-0.2542353286822024
-0.12045743172778015
-0.2274065042248966
-0.3585437292894449
-0.2086052073523983
-0.15673251332081173
-0.3294709487815987
-0.15770831680301164
-0.14944150833657355
-0.155279981330806
-0.07380298742904094
-0.12086406419417528
-0.33344857724621063
-0.2018589181316808
-0.14253495335649352
-0.24432545482160323
-0.12978474468463488
-0.10514054927385906
-0.2900703409017389
-0.1882534444172394
-0.10933681962852798
-0.19188176555788952
-0.090627847824804
-0.17904563154964565
-0.26191933239451926
-0.16670238568673842
-0.09407251132681595
-0.03570438007673122
-0.04790815335039694
-0.014818515915303905
-0.199855261031444
-0.1544906837083617
-0.011159083900985836
-0.15959145165258265
-0.08621967444106741
0.031332610440859415
-0.199855261031444
-0.13610752473910695
-0.008508164810070532
-0.19834565954096545
-0.2201479268574999
-0.5009480360810634
-0.3102150388679047
-0.2586222690845882
-0.3696306636818502
-0.1947470442003871
-0.20867604328474332
-0.5283671543092856
-0.30178793688028865
-0.24698348542469487
-0.3337513920113017
-0.17861995168277672
-0.20397829291433217
-0.5294393460570239
-0.2862046687252401
-0.23957239173909886
-0.28992044807142225
-0.15883799313119515
-0.2022925195792001
-0.5622692819848449
-0.26996921817991665
-0.2375593106179504
-0.2919090429275645
-0.15514104753666086
-0.19476812381355854
-0.4963770749698026
-0.2626856371036239
-0.22756674276359426
-0.23814367689516286
-0.16836064353678754
-0.1861210885287861
-0.45188423808038186
-0.27891404034746786
-0.2148214311733537
-0.20490651723754202
-0.13830295180942595
-0.18049782032920098
-0.3537059898960995
-0.2412855291831666
-0.2091981629737686
-0.19769399219830947
-0.1422541780404385
-0.17432018213072453
-0.30583334070781454
-0.23548115381779094
-0.20274714262885346
-0.19253266892256898
-0.2031329300009786
-0.23814567354421204
-0.337368729851568
-0.27913270413962743
-0.2593075258666637
-0.3553123143018136
-0.12185730271473792
-0.10790450331059384
-0.12880764869946848
-0.28646774902529154
-0.2523385608426743
-0.3516481420314396
-0.20126487408761526
-0.22391086021621714
-0.32742470321229383
-0.10978413490871819
-0.06530544544897064
-0.09280753315802451
-0.29500160608239856
-0.24892748445517138
-0.3597811615944267
-0.29218764773063177
-0.24696191488676242
-0.3453682876625394
-0.12352166586303413
-0.10562444377584199
-0.13790673964012062
-0.28301461075348117
-0.2436888327971424
-0.3594796808086454
-0.1106342699193885
-0.06377153168835431
-0.09069810887716717
-0.2659218143247233
-0.22373949950921615
-0.3451806398420209
-0.16950894723577317
-0.19266329181441016
-0.3274398787942231
-0.10150360472670523
-0.09397702506980798
-0.13617064027185288
-0.262990725178781
-0.2158047425078832
-0.3453834632444686
-0.24843441784756634
-0.21480399194765196
-0.33452426046282013
-0.10069791325288108
-0.05944879191944888
-0.08061041653855507
-0.24282325905560534
-0.208559724254792
-0.32978922479370515
-0.13672312129784125
-0.18271684961629225
-0.30558045293047287
-0.22995009707519373
-0.208559724254792
-0.32352403738071844
-0.09184044587486659
-0.08152988904955596
-0.12720012211279264
-0.22068990513231634
-0.18867247888071056
-0.3168691472170752
-0.09008603274135135
-0.0440570451260546
-0.0710419533653553
-0.22077950166586843
-0.17992791320957305
-0.3139776796688761
-0.21643122418004446
-0.21271058995663986
-0.21272558280985615
-0.25623555936464454
-0.24777088468041591
-0.25803599023282586
-0.19751471578999377
-0.1951117189338558
-0.2524699004180923
-0.23496327006818968
-0.2369183367381344
-0.2527009308892622
-0.1784433603843085
-0.18362203900620072
-0.2669736284364024
-0.2265520114574642
-0.23380005612294555
-0.24350759556038107
-0.14911353883983336
-0.15996796782086184
-0.2544825309648541
-0.13658109600416563
-0.14911093233534312
-0.2491788082551504
-0.22372441532363266
-0.22690505970918057
-0.24462742819951303
-0.22674212691488793
-0.22177217831381205
-0.2545461500139992
-0.09371205027971789
-0.07557720254056616
0.01944584198337291
-0.22298113268056513
-0.2190857129486737
-0.24008023839229414
-0.09384820301645615
-0.08507859396406665
0.011584606971765105
-0.22137808155433794
-0.2087106476453216
-0.2041634799543433
-0.10262716175208995
-0.08208200238026324
0.05604919718449026
-0.2227668034554799
-0.20195682154729835
-0.19291978120993908
-0.09016103091072221
-0.06502360365387985
0.005572682132387504
-0.10283591550776865
-0.07875597183006942
0.05226674541618932
-0.23451581351953815
-0.19663858979076207
-0.17954297012013848
-0.16506072070902095
-0.09201405151209438
0.10492816183572337
-0.25114164773182757
-0.1885541193514434
-0.15419388175722445
-0.16200889141150204
-0.09047067527354177
0.09636220060839808
-0.2526705278441682
-0.18188932977674654
-0.13095707782512245
-0.07461087648379917
-0.06693709188831874
0.009855102765341182
-0.15296023941628034
-0.08328959430792472
0.11166786666114184
-0.23948927621862912
-0.16992945685571303
-0.10699101428187091
-0.14983192179119048
-0.07836291617423298
0.10339824150183195
-0.23889549214162178
-0.16500774824880615
-0.11442809148851732
-0.04810865107315566
-0.050178017116744904
0.02346603287602146
-0.14950000137577926
-0.08285079079975267
0.1035498500597765
-0.23420869892019414
-0.16858835045215348
-0.09882880558790985
-0.03744855427819576
-0.041806617804278634
-0.00023103047116978322
-0.03980433518460028
-0.03506029472377607
-0.04531040742296988
-0.034512538391051104
-0.0348939406088858
-0.11653846830239953
-0.029031461689776668
-0.03078078375570444
-0.13509095933935744
-0.13103585953583916
-0.07986953457747674
-0.05070474403540195
-0.039223506287064926
-0.037028440160009626
-0.049440924480502586
-0.17137873346452917
-0.13222478410344876
-0.01655625296861701
-0.17908675458587872
-0.1340575284579262
0.006562426319875467
-0.029031461689776668
-0.02692168010720888
-0.16452462318199995
-0.1566732491995438
-0.1205317200126302
-0.018351936662868207
-0.029031461689776668
-0.028778332657938447
-0.13214083432039614
-0.11313579381720135
-0.07704179076040073
-0.04422359292304843
-0.029031461689776668
-0.02894145733570218
-0.031166950487853888
-0.14275225745709869
-0.1112561220394389
0.027376759882026102
-0.1566732491995438
-0.11362981512131609
0.02106769603678289
-0.1566732491995438
-0.11785769429712799
0.0069610051283428365
-0.09796804921036861
-0.06528079960789002
-0.04197629199975841
-0.029031461689776668
-0.03136241851756756
-0.02343157376756884
-0.12887624383191124
-0.10205769959032951
0.04634155355686782
-0.13613210270264262
-0.10205769959032951
0.04141947752906855
-0.02366017173554999
-0.028778332657938447
-0.054486487109021035
-0.0809770293545026
-0.05062021511484063
0.02060175702565202
-0.11256287528496708
-0.07976755341046717
0.06675217019874366
-0.12350495387768456
-0.08739711509728013
0.08156757268026081
-0.02366017173554999
-0.024816188068485852
-0.0243458323993994
-0.0976409040933493
-0.06375879304804773
0.06901212757502036
-0.02366017173554999
-0.02223210220885674
-0.03247054520539705
-0.06532998274163984
-0.038993846300406906
0.04847519064376574
-0.0851966510730863
-0.053817040740101844
0.11938650769386404
-0.0851966510730863
-0.05818399766756136
0.09632278045072164
-0.12132179864044218
-0.0788699302905457
0.045427396748298855
-0.025384557400422718
-0.020014467302653414
0.0033326808202236023
-0.06751173412049051
-0.049015319974269396
0.13246156900399925
-0.017600813255544114
-0.0174303814430243
-0.010082457334405794
-0.0935247932728096
-0.04524942284999726
0.0491332711487466
-0.10740080689799703
-0.06910842979215605
0.045828535677016224
-0.054167857633709404
-0.0457427043017292
0.1522016025299478
-0.03656704437816529
-0.026467581140264672
0.122042507550122
-0.0615364793375363
-0.03410715374026438
0.06601453022663137
-0.03430118930226296
-0.030919509862034268
0.087242361741852
-0.04836897364570898
-0.0457427043017292
0.1865308708222582
-0.025384557400422718
-0.020014467302653414
0.010370858116757156
-0.04836897364570898
-0.03657436056559822
0.21111045324933794
-0.17337250830341827
-0.16522481201801534
-0.11355646594022652
-0.16091984457730785
-0.16686859640549856
-0.1797113361910184
-0.14196200085333927
-0.1620933396648925
-0.24269386719376057
-0.24937228244206694
-0.18638666434046705
-0.13150005039047202
-0.2518426182203243
-0.18583087573807466
-0.15250414241582147
-0.23544377879634729
-0.18781887621799465
-0.16184794416222373
-0.1785132078993236
-0.15221810010652917
-0.06979387563715865
-0.16775834539039428
-0.1591636773376159
-0.09302899847230377
-0.2354662947476781
-0.17697371432884967
-0.0858130594863845
-0.24592415765167694
-0.18391929155993642
-0.10380811636765189
-0.1781685959154047
-0.1280559307026398
-0.03358261274277557
-0.18850722200790504
-0.1448784714768789
-0.05875506000702666
-0.22766043503596886
-0.1604468295282708
-0.06962664067463302
-0.22576123604013304
-0.16892660871981563
-0.07889442084565022
-0.16415088095471278
-0.10658253035796479
-0.018205457495161354
-0.2099698279316631
-0.1604468295282708
-0.07799312294964225
-0.05812883774895407
-0.06371062103176435
-0.09861416669613805
-0.04581894697695035
-0.053864299170306044
-0.05978766545448076
-0.19667391932178072
-0.15890696497520346
-0.06327600397192742
-0.05760342032583984
-0.07421860718958957
-0.11236235404427193
-0.18794561287205977
-0.15890696497520346
-0.0412857307253827
-0.04949183912056417
-0.03239089882563104
-0.03604402793185734
-0.07813851161590053
-0.07668849930160782
-0.10943497141368287
-0.037254014032228125
-0.024048137242936713
-0.020139360838623548
-0.17256234266827813
-0.1482721373337725
-0.02658710240011963
-0.0569530868483546
-0.024755614222320494
-0.01601918384922602
-0.07816581226128273
-0.024755614222320494
-0.010779117895348165
-0.07599977413864882
-0.021161852322451703
-0.01794358445024557
-0.09092277364301656
-0.023051054670545263
-0.01794358445024557
-0.09348177794300803
-0.023141450693472992
-0.01794358445024557
-0.09322697577735249
-0.025842874638499738
-0.01794358445024557
-0.10298257737374078
-0.025842874638499738
-0.01794358445024557
-0.21602765001463747
-0.1715154967955563
-0.30016267363482313
-0.08868550087945314
-0.039252206665890715
-0.06434162027223107
-0.08060009138912182
-0.06886078158992137
-0.12235204630881297
-0.21355156273205028
-0.16719128900457048
-0.2878564067184801
-0.21315174384087926
-0.16288426034714573
-0.28505468064233136
-0.10928696585674982
-0.025842874638499738
-0.01794358445024557
-0.0850144720490542
-0.06127912642494705
-0.10680456523513218
-0.21342239276214853
-0.16288426034714573
-0.2685709267070692
-0.20440253099592354
-0.1604494605017654
-0.2653878614174062
-0.09969995105122302
-0.029142638809379468
-0.01794358445024557
-0.08047490183318312
-0.0404842453118025
-0.05780219237030847
-0.1961296381109295
-0.16035906447883766
-0.2653878614174062
-0.20223367889031196
-0.15574900846132583
-0.2653878614174062
-0.11304507264089667
-0.14567262215705654
-0.28221908918457767
-0.08710190438622312
-0.05387725043948077
-0.10163087065485388
-0.20626358292677283
-0.1530475845162991
-0.230228087531892
-0.10413542690539863
-0.137041385708646
-0.25062734225682365
-0.10253372783908885
-0.12660636965194633
-0.24744427696716065
-0.06734568101461776
-0.03539455373333529
-0.051560344234157875
-0.19454067360074373
-0.14534108512632235
-0.230228087531892
-0.1042893670941899
-0.10928928907739366
-0.21228450308164643
-0.20266359480741164
-0.13233840727916915
-0.230228087531892
-0.07912198111505413
-0.0408745725923276
-0.11118947097971163
-0.19839815026694282
-0.12494775845570134
-0.2235477314758466
-0.05929738506576314
-0.02977521933979792
-0.044879988178112507
-0.13624120277783203
-0.12494775845570134
-0.22152993581725955
-0.0506484692510526
-0.10698571416448771
-0.19840145185577152
-0.145476188958016
-0.1300348323662632
-0.2163450363060171
-0.12478417697520361
-0.13587086808351848
-0.242935726303521
-0.12304497311223814
-0.12363205368125499
-0.22071306037010036
-0.11565473627774633
-0.1198748191670351
-0.20758566904709774
-0.12719499258612596
-0.10994653139298702
-0.1786677432977341
-0.07694381771206886
-0.09517253911590345
-0.176649947639147
-0.1261189433281059
-0.07707877077103444
0.09281519383494227
-0.20802820700698316
-0.1605556519429168
-0.109625133000949
-0.11971942830308807
-0.06988009247281878
0.10640790445754453
-0.20463862178599718
-0.06988009247281878
0.015669478430222223
-0.20032052310867857
-0.15262223729740065
-0.11383051096312749
-0.20448436408181164
-0.15262223729740065
-0.13265945372578405
-0.1983142159497749
-0.06954385433370815
-0.0219033951278817
-0.19120937539938884
-0.14878994096455692
-0.1149283525278442
-0.20132044880233482
-0.15228599915829
-0.1418994572057404
-0.18320053914693876
-0.15228599915829
-0.12129299951395105
-0.18037679152852448
-0.14878994096455692
-0.13832031646315643
-0.17636407193300596
-0.14599179641358248
-0.17018029165158977
-0.1736390736637138
-0.15228599915829
-0.11632268523628467
-0.17636407193300596
-0.1494878546073156
-0.12610966019523825
-0.17343169224859542
-0.13808845848561363
-0.20496100882919616
-0.1631311702729633
-0.13359309193752156
-0.2286201957973435
-0.17343169224859542
-0.1415845166793467
-0.10647282981389974
-0.1631311702729633
-0.1415845166793467
-0.10162795596035687
-0.14527252200634894
-0.13359309193752156
-0.22284049333197142
-0.145698899563468
-0.12722342342674148
-0.22157294116852516
-0.15027438475531513
-0.1415845166793467
-0.09777464317464732
-0.14941833938986698
-0.1386259245560696
-0.09769582641676725
-0.13853013793372448
-0.10998600128328506
-0.19835362019096764
-0.12525414184602252
-0.09630162423659569
-0.18966902510428285
-0.1462241865312655
-0.1288386849060431
-0.13074053428081017
-0.1376090196614345
-0.12241040782895858
-0.12429884083846801
-0.015375637679491906
-0.026108783592362884
0.02574093444661032
-0.1376090196614345
-0.11359832541245306
-0.13976342596305677
-0.015600077677749196
-0.028543583437743228
0.010996076028078455
-0.015600077677749196
-0.022612725398629793
-0.011924706891942445
-0.13931578485414708
-0.11359832541245306
-0.14758722015419545
-0.14303424025587946
-0.10766746737333963
-0.14052192376898046
-0.01235487781541197
-0.026108783592362884
0.06537018426581469
-0.012053166705951402
-0.03000337422209757
0.0010654813246991383
-0.13984350942943422
-0.10766746737333963
-0.11129277917143578
-0.06260833800528139
-0.020855263448582448
0.0007752939223000755
-0.1371495517102782
-0.10360643051038634
-0.10956517091524774
-0.007694048597541041
-0.018852683622758024
0.0676130859101573
-0.06222560053859422
-0.02145518006027526
0.005392268975006425
-0.13676681424359105
-0.1016850789281961
-0.09430624327153286
-0.05825099176745215
-0.02145518006027526
0.005425363393818073
-0.13282730119691075
-0.10070126669112403
-0.09813236385395241
-0.003719439826398983
-0.011402501129328117
0.1238771147517578
-0.005001862748966169
-0.007991424741825171
0.12506585015732402
-0.05825099176745215
-0.010593921179342408
0.009292081328974359
-0.1297716087069463
-0.08984000781019118
-0.09551857182782268
0.0
-0.007991424741825171
0.12699223983698635
0.0
-0.0034960581937330914
0.09848817901529622
0.0
-0.0034960581937330914
0.04407063145635135
0.0
-0.0034960581937330914
0.02199763122687171
0.0
-0.0034960581937330914
0.005676213748470802
-0.004652203885094366
-0.0034960581937330914
-0.09536344889223994
-0.004652203885094366
-0.0034960581937330914
-0.06768162098907342
-0.004652203885094366
-0.0034960581937330914
-0.09688114587588838
-0.004652203885094366
-0.0034960581937330914
-0.08702650373537753
-0.004652203885094366
0.0
-0.07568016337482306
-0.004652203885094366
0.0
-0.08744624109889043
-0.017600813255544114
-0.0174303814430243
-0.005713862913844774
-0.004652203885094366
-0.001367528723445588
-0.07407772319193409
-0.04058522950083038
-0.03657436056559822
0.1981612241639686
-0.04058522950083038
-0.03657436056559822
0.1856665253250718
-0.017600813255544114
-0.0174303814430243
0.0057628009837106114
-0.004652203885094366
-0.001367528723445588
-0.06823790575767406
-0.017600813255544114
-0.020014467302653414
-0.01110208060353237
-0.03359460127570529
-0.03182010378445572
0.24313596159367395
-0.03359460127570529
-0.03453344709964061
0.23579574384902002
-0.03359460127570529
-0.03453344709964061
0.21015116132751402
-0.017600813255544114
-0.0174303814430243
-0.005750138480103212
-0.009137109310737905
-0.001367528723445588
-0.08247209595380073
-0.017600813255544114
-0.020014467302653414
0.020056550258646874
-0.030357810591043855
-0.03149279599843935
0.2523155077600658
-0.030357810591043855
-0.03182010378445572
0.26559709210012444
-0.030357810591043855
-0.03182010378445572
0.2645719521480332
-0.012948609370449747
-0.020014467302653414
0.025118768033918413
-0.02570560670594949
-0.03149279599843935
0.2759828084119399
-0.012948609370449747
-0.0174303814430243
-0.018364035038532404
-0.0044849054256435395
-0.007936086567705622
-0.05314197223859338
-0.02570560670594949
-0.025194790422600165
0.29022252050502817
-0.02570560670594949
-0.029648054279999114
0.2826435223006171
-0.012948609370449747
-0.01606285271957871
-0.01712437104509248
-0.015041911506615727
-0.022755367418127455
0.18823362605382574
-0.019526816932259265
-0.023082675204143824
0.16034429034018943
-0.026517445157384356
-0.02546871073331234
0.11049227024281917
-0.012948609370449747
-0.018646938579207826
0.054231045286216625
-0.020793247886189796
-0.019718832860234948
0.25905261147979297
-0.02570560670594949
-0.023827261699154577
0.2805743427664188
-0.015041911506615727
-0.012351762881386516
0.1908994660462847
-0.015041911506615727
-0.016460191720306147
0.20774884640919605
-0.020793247886189796
-0.01111787151626233
0.2588311650744225
-0.012948609370449747
-0.009494294875318676
-0.004789967642447498
-0.012948609370449747
-0.012078380734947788
0.05737728293258221
-0.014215040324380278
-0.012351762881386516
0.2601313376506376
-0.020793247886189796
-0.012351762881386516
0.2687402549436513
0.0
-0.012351762881386516
0.1916963900227095
-0.00575133637957407
-0.012351762881386516
0.2949253896828392
-0.012756997335499742
-0.012544980622991187
0.2574624824358474
-0.015993788020161173
-0.015258323938176074
0.2125593467482299
-0.022984416245286264
-0.017299237404133694
0.15780524244569485
-0.0044849054256435395
-0.010221728184218222
0.09249318648601587
-0.0044849054256435395
-0.01049511033065695
0.2232813503894485
-0.0012664309539305307
-0.00285746800606784
0.2649213052930851
-0.007844638515740049
-0.0036559801406562363
0.2761769825248854
-0.012756997335499742
-0.012217672836974813
0.28830382350752626
-0.13215522717746425
-0.09519634394343912
0.035338162724210836
-0.07398073235779933
-0.038942604979561875
0.09577388019959125
-0.09984478214213457
-0.07069528107276195
0.08284786901356325
-0.12764178750976715
-0.08468835778561391
0.0710766233188893
-0.16733434494830562
-0.14557099749205432
-0.009706038499662667
-0.012756997335499742
-0.011805636481802308
0.24451540188938653
-0.015993788020161173
-0.014518979796987195
0.22125324193104642
-0.022984416245286264
-0.016559893262944814
0.20073959513258072
-0.042127176720067785
-0.029000852671615986
0.12912888818377555
-0.14076919358524956
-0.14468264053265156
-0.01670911370273263
-0.14268462481194322
-0.14468264053265156
-0.016014320522254915
-0.14450336436944292
-0.14557099749205432
-0.02181315246919199
-0.14494603246423107
-0.14557099749205432
-0.029077080136067548
-0.007844638515740049
-0.0002733821464387276
0.21136297201106913
-0.012756997335499742
-0.005180323119946753
0.2263432974802023
-0.012756997335499742
-0.011478328695785934
0.2508640403780216
-0.13453815941135674
-0.14468264053265156
-0.019058725951161124
-0.13451037727756618
-0.14468264053265156
-0.023128479661920134
-0.13611663263519996
-0.14468264053265156
-0.01819264625838166
-0.12845994907412633
-0.1272944327580029
-0.059991163009925526
-0.13842000517510178
-0.1272944327580029
-0.1067187471039193
-0.12895321199189339
-0.13029366628410438
-0.14017889082003127
-0.13102116912514525
-0.13029366628410438
-0.2304216979622301
-0.13686062426126291
-0.1381353983525618
-0.02048074159775209
-0.14201532258652919
-0.1381353983525618
-0.030218512339200396
-0.13967130135287936
-0.141408014025102
-0.009390726916598759
-0.11031874866658692
-0.11338094067881202
-0.021553595379387187
-0.1118326460563031
-0.11638939019862204
-0.006082723974117836
-0.12292239471831472
-0.1272944327580029
-0.01520736138852879
-0.1370418514799839
-0.12723035579318095
-0.021553595379387187
-0.1311705703605079
-0.12723035579318095
-0.006082723974117836
-0.13671644004529387
-0.1381353983525618
-0.01520736138852879
-0.10430840060724259
-0.08465171743088504
0.04867635967721339
-0.10759316668542264
-0.09641711719728488
0.008208541988697542
-0.1221465788768426
-0.10105560598521696
-0.012034167943749176
-0.13002586397964702
-0.12538672531059636
-0.2494717771421223
-0.12084106030336622
-0.1059980952241229
0.04460864570135197
-0.12334641437390355
-0.11360113113155108
0.004088364999300016
-0.13734274863651957
-0.11360113113155108
-0.012034167943749176
-0.03888525149724811
-0.037319845342994165
0.14654804694363124
-0.04339869116494521
-0.05069193568671639
0.12494879134435087
-0.07003756683662975
-0.07257847966820137
0.0792969064743591
-0.100042924270622
-0.07601954830282066
0.08158981167400063
-0.09551354946088922
-0.08383457729289681
0.06833800413831329
-0.10590506953870296
-0.10248304590864252
0.05804718612270414
-0.015214464446352079
-0.01482319443969493
0.15835755814898872
-0.02693364204537012
-0.025651280101893423
0.13317691690846917
-0.033511849607179636
-0.03328084178870638
0.1802769154047153
-0.13187380887129435
-0.1267952191247339
-0.2690566866364032
-0.06384579397218536
-0.06534588702575084
0.09947717791621985
-0.08492966484025487
-0.07027598519675765
0.0825192434530356
-0.09759713864885007
-0.07435423783041009
0.09983817930266438
-0.009415580458351655
-0.009738121108840299
0.16174667711308352
-0.009415580458351655
-0.01482319443969493
0.1749686724552293
-0.05982520074642631
-0.0481581222240474
0.09556658247435332
-0.06134488797595731
-0.06242158236326349
0.1093183182547289
-0.055934569146159685
-0.04083816939992621
-0.05923791009297563
-0.04857619088128311
-0.034540163824087027
-0.05960052037423942
-0.009415580458351655
-0.0073698998568663045
0.15102957701115866
-0.12619052456152086
-0.12646791133871754
-0.261224515592119
-0.06211335891984991
-0.04163668153451461
0.07637773624144993
-0.05475498065497332
-0.04191006368095333
0.08695345728580138
-0.05837905016391114
-0.04191006368095333
0.10303976656998871
-0.04906257872932778
-0.04163668153451461
-0.049863608087038484
-0.05536851181975537
-0.0428705728996388
-0.056682939248296677
-0.04896346970555949
-0.034540163824087027
-0.04798981044116988
-0.12279891822596448
-0.12375456802353266
-0.23726756245330125
-0.05175027953244621
-0.04163668153451461
0.04840041812909921
-0.0566349427736859
-0.04163668153451461
0.0526320691271725
-0.03894146303535107
-0.03959576806855698
0.05704784322631977
-0.04163567335623879
-0.03959576806855698
0.05545533795048496
-0.05040962028807464
-0.038420001115207096
-0.06618009463873019
-0.044485712833909515
-0.03959576806855698
0.05704784322631977
-0.04754496530555217
-0.03959576806855698
0.05545533795048496
-0.03169243052240704
-0.031154394221559564
0.037872243692484105
-0.031812179044690886
-0.038293042232935705
0.0415521369765797
-0.11685312437844592
-0.12484812076215719
-0.2225527476017726
-0.03846654131177898
-0.031154394221559564
0.037872243692484105
-0.037986184610192285
-0.038293042232935705
0.0415521369765797
-0.027740111258963245
-0.02957889674027129
0.06516451807943222
-0.02596312280226888
-0.031411641094748755
0.05414721886438378
-0.051929307517605654
-0.04759838792356856
-0.06565035420050029
-0.03339607519854374
-0.02957889674027129
0.06516451807943222
-0.03661883523811673
-0.031411641094748755
0.05414721886438378
-0.01300099795369352
-0.02357475912371866
0.096351291436583
-0.015019599272094303
-0.026788056424563216
0.08555616838077136
-0.04863132952583328
-0.05052269258605592
-0.05888038023276879
-0.10157609706199262
-0.11240716135348601
-0.15820596831984304
-0.015221807905003607
-0.02357475912371866
0.096351291436583
-0.018297193356265746
-0.026788056424563216
0.08555616838077136
-0.011232347689084677
-0.01910706654233513
0.09525018408842763
-0.011232347689084677
-0.02357475912371866
0.11234219794773069
-0.011232347689084677
-0.01910706654233513
0.09525018408842763
-0.011232347689084677
-0.02357475912371866
0.11234219794773069
-0.006319988869324984
-0.013369359589344399
0.11368905852540606
-0.006319988869324984
-0.014740109614875613
0.10074528977083311
-0.006319988869324984
-0.013369359589344399
0.12834082202687117
-0.006319988869324984
-0.014740109614875613
0.1154770345630531
-0.006319988869324984
-0.013369359589344399
0.08692078864053515
-0.006319988869324984
-0.013369359589344399
0.10787393810361491
-0.006319988869324984
-0.0031618691054294246
0.03662921387350183
-0.006319988869324984
-0.0031618691054294246
0.03892369696535217
-0.09121981794944761
-0.10246540904554013
-0.10547991869925395
-0.006319988869324984
-0.005006610823869657
0.07687076618773347
-0.006319988869324984
-0.005006610823869657
0.10170249239483935
0.0
-0.0031618691054294246
0.03991203434102431
0.0
0.0
0.020953149463079784
-0.05799602279488471
-0.04462470509486422
-0.05065767345543352
0.0
-0.005006610823869657
0.07348718013424602
0.0
-0.0031618691054294246
0.02615256805334415
0.0
-0.0031618691054294246
0.042535282635814825
0.0
-0.005006610823869657
0.040037316197724396
0.0
-0.005006610823869657
0.06000887875289438
0.0
-0.005006610823869657
0.023432074354813984
0.0
-0.005006610823869657
0.03613580818643734
0.0
0.0
0.0
0.0
0.0
0.013973301106668253
0.0
0.0
0.0
0.0
0.0
0.013973301106668253
-0.06408528904167042
-0.0410733960417037
-0.08043873610205092
-0.061157672773373854
-0.0386997029598265
-0.06495823526963064
-0.052114858295943985
-0.03314264160618041
-0.056610787206037565
-0.03586750270207321
-0.029904566240441174
-0.02124972035165502
-0.016532659696123612
-0.021346377793237892
-0.004067713975861444
-0.015753247688480895
-0.01718401393426621
-0.004120176989397528
-0.015196169759676914
-0.012545525146334136
0.0
-0.02672310281339692
-0.013849415114368924
0.0
-0.01933792430420473
-0.010840965594558903
0.0
-0.01379404532697906
-0.010840965594558903
0.0
-0.008400675187136476
-0.010840965594558903
0.0
-0.003595317411427223
-0.010840965594558903
0.0
-0.010718089360985825
-0.010840965594558903
0.0
0.004327648229528626
-0.014115592102108466
0.0
0.008272484037580664
-0.014115592102108466
0.0
-0.0983742277132217
-0.023049118201775496
-0.01794358445024557
0.00851417357159416
-0.006409092712131716
0.0
-0.09482771970696341
-0.023049118201775496
-0.01794358445024557
-0.0910471046597403
-0.023049118201775496
-0.01794358445024557
-0.061102610371583814
-0.035064531281867005
-0.05311064512160966
-0.0018216716882289308
-0.006409092712131716
0.0
-0.14974175854505847
-0.1300348323662632
-0.2163450363060171
-0.14711204291915572
-0.1251156570616262
-0.21219201779745617
-0.14600767945307472
-0.1251156570616262
-0.20945346609305848
-0.08888496308165279
-0.021175104822954562
-0.02648787004648135
-0.06516905855812333
-0.03319051790304607
-0.05311064512160966
-0.0038919185658175337
-0.006409092712131716
0.0
-0.147506903575298
-0.1213206773432818
-0.20945346609305848
-0.14704589147537775
-0.11846285172738878
-0.19769180287268845
-0.14478981904954538
-0.11973656325185013
-0.20080937913425329
-0.08074600609683687
-0.01991465199719334
-0.02648787004648135
-0.054283970598262996
-0.03183127835151575
-0.05311064512160966
-0.004665823745710752
-0.004162983466952319
0.0
-0.1407589325466039
-0.11847611042608891
-0.20080937913425329
-0.1386953370636
-0.11847611042608891
-0.19525681473713602
-0.1371633552351105
-0.11847611042608891
-0.18091920280391544
-0.06041103921450128
-0.01991465199719334
-0.019323403491583947
-0.04350016574335129
-0.028250676148168397
-0.053189407202341936
-0.07337887315183271
-0.0408745725923276
-0.10600457146846917
-0.06907377130448361
-0.03468168576322924
-0.10975495384651911
-0.06151679937143453
-0.03506704032828782
-0.09725165188648272
-0.05716426323871631
-0.03506704032828782
-0.08025382253957296
-0.1299276388603811
-0.11847611042608891
-0.18506447569637002
-0.12355665940267185
-0.11398823580056922
-0.16812182175113788
-0.11468173172271501
-0.10869892385850013
-0.15338130934677335
-0.03673131550640687
-0.016524491803385874
-0.010779117895348165
-0.02765946342368713
-0.021837490319210763
-0.046024940647444536
-0.0357116928574116
-0.021008826968582386
-0.0710181181128895
-0.10936610443796455
-0.10441789706638346
-0.1541229480864397
-0.10491652321747008
-0.10181831329736002
-0.16143876374795832
-0.09458182192780612
-0.09679517982351943
-0.15738332238440458
-0.022899186958209406
-0.013386109725718336
-0.049853914506581755
-0.0927051015834467
-0.09352055331596987
-0.14424273525271689
-0.004272320796855009
-0.007588430392715643
-0.026701537155860593
-0.08022121171735119
-0.0868345170235644
-0.15005880670064423
-0.01921930465995726
-0.0043144027273995175
-0.003731592428114343
0.0022058589866850685
-0.0112678193218321
-0.051478274032239875
-0.07974480529438796
-0.09051390595268086
-0.1494222339611444
-0.0004945460497676607
-0.09051390595268086
-0.14586709477837498
-0.020720992133353582
-0.0043144027273995175
-0.003731592428114343
-0.0006324565216100804
-0.005371891553761969
-0.026622775075128315
0.0041740050676698295
-0.08461797818461074
-0.07958825833889466
-0.0012547680405771162
-0.08188055520584776
-0.06918772331100273
-0.05496057479333441
-0.1020665388598507
-0.1915098816428129
-0.05590485596789255
-0.09856145842889558
-0.17432150908777191
-0.05641734913827359
-0.09856145842889558
-0.15443133275743406
-0.054270692508213716
-0.0887842718613068
-0.1340579058551894
-0.05785050642139927
-0.08027068802013354
-0.14660420448905642
0.015220848003926597
-0.0005165463381086428
-0.030723436115812908
0.008830993608564174
-0.0835604893582483
-0.05883342042246769
-0.060525500634430726
-0.08619950322528136
-0.14569064153303005
0.019466224092776464
-0.07756615247844824
-0.06545613088288839
-0.08600943254757194
-0.09005112577975918
-0.15908137267584646
-0.08187683291725441
-0.08527233382434272
-0.14458115775107866
-0.08441136646533695
-0.08664483207457316
-0.1421461696155263
-0.08005649365932055
-0.08573755965240082
-0.11493241454879591
-0.07725705979378297
-0.07998082297814928
-0.11541382310051376
-0.12223338198194256
-0.08748954182009018
-0.16550436040966718
-0.12371570717639788
-0.08505474197470983
-0.1585832961822739
-0.12743416257813028
-0.08505474197470983
-0.12859721687703798
-0.1277903427234828
-0.07766409315124206
-0.11235826049613487
-0.07454121370499683
-0.0827511670618039
-0.11034046483754781
-0.05324912901848598
-0.0023035749129059367
-0.0033574327048427758
-0.05324912901848598
-0.0023035749129059367
0.02371222481483201
-0.1247697459579801
-0.08154966154375472
-0.08887818290356451
-0.1284759947334802
-0.08154966154375472
-0.08375133762042976
-0.13846565482487017
-0.007390648823467778
0.013518743787539762
-0.13846565482487017
-0.007390648823467778
-0.052760092651940566
-0.13846565482487017
-0.09043459184360743
-0.11000867513851606
-0.13846565482487017
-0.08663673545431655
-0.09971205375284777
-0.13846565482487017
-0.09043459184360743
-0.08332356817092057
-0.13846565482487017
-0.09043459184360743
-0.08814378562903646
-0.13888796314991483
-0.08304394302013965
-0.12289179620363733
-0.05705751750570611
-0.08304394302013965
0.010650796032362138
-0.13888796314991483
-0.08304394302013965
-0.11098007262318008
-0.05705751750570611
-0.08304394302013965
0.0019461371937201486
0.0
0.0
-0.00870465883864199
0.0
0.0
0.011911723580457228
0.0
0.0
0.021864889509479575
0.0
0.0
-0.018841976794252438
0.0
0.0
-0.002453491212325183
0.0
0.0
-0.013074741689126607
0.0
0.0
-0.00241592022517155
-0.0044849054256435395
0.0
-0.04138330934733141
-0.0044849054256435395
0.0
0.004964973443992164
-0.0044849054256435395
-0.007637642324589109
0.03388635941817769
-0.0044849054256435395
-0.007637642324589109
-0.01659035407214585
-0.0044849054256435395
-0.010221728184218222
0.09325443762235887
-0.0044849054256435395
-0.010221728184218222
0.1697546723870778
-0.0044849054256435395
-0.010221728184218222
0.17548206384912218
-0.0044849054256435395
-0.01049511033065695
0.2078419415662129
0.0
-0.007637642324589109
0.0378677830031217
0.0
-0.007637642324589109
-0.010940023891236184
0.0
-0.010221728184218222
0.13451148151966058
0.0
-0.010221728184218222
0.16911203923861245
0.0
-0.0025840858596291125
0.14545150541089683
0.0
-0.0025840858596291125
0.19207241792126806
0.0
-0.0025840858596291125
0.10362086513568174
0.0
-0.0025840858596291125
0.14313128654785517
0.0
0.0
0.03942501917252841
0.0
-0.0001631246777637329
0.10217629189745617
0.0
-0.0001631246777637329
0.10217629189745617
0.0
-0.0025840858596291125
0.13821452665431075
0.0
-0.0001631246777637329
0.08887780512889586
0.0
-0.0001631246777637329
0.08887780512889586
0.0
0.0
0.04199844370600003
0.0
0.0040887753379691815
0.08714922193144253
0.0
0.0
0.047727059103121076
0.0
0.0
0.047727059103121076
0.0
0.0040887753379691815
0.045150778225442494
0.0
-0.0025840858596291125
0.09878950748178236
0.0
-0.0025840858596291125
0.13124425623549074
0.0
-0.00285746800606784
0.17395558214803516
0.0
0.0
0.03951042141217344
0.0
0.0
0.07650023476471884
0.0
-0.0002733821464387276
0.1307881639034325
-0.0061787897736902235
-0.0073698998568663045
0.14655397766004086
-0.0012664309539305307
0.0
0.09826402621613767
-0.0012664309539305307
0.0012338913651241867
0.10931500837546916
-0.0061787897736902235
-0.0007985121345883961
0.13561564633442558
0.0
-0.0018447417184402327
0.03357514579322166
0.0
-0.0018447417184402327
0.04024155231423163
0.0
-0.0018447417184402327
0.06277879542948717
0.0
-0.0018447417184402327
0.013884748144380246
0.0
-0.0018447417184402327
0.01747359611707954
0.0
0.0
0.0
0.0
0.0
0.0
0.007476066205031368
-0.0043144027273995175
1.6341652627254333e-05
0.009122037237565859
-0.0835604893582483
-0.052298099436158055
-0.07454121370499683
-0.08022989886792084
-0.09969851224653928
0.0
0.0
0.005625724563201989
0.0
0.0
0.005625724563201989
0.0
0.0
0.012703733831623362
0.0
0.0
0.0
0.0
0.0
0.0
0.0
0.0
0.0
0.0
0.0
0.0
-0.002220809951310088
0.0
0.0
-0.00327759408417144
0.0
0.0
-0.005655963939580495
0.0
0.0
-0.010655712435847847
0.0
0.0
-0.006774110789371939
0.0
0.0
-0.00617400556550141
0.0
0.0
-0.005544249798558453
0.0
0.0
-0.005909291949313378
0.0
0.0
-0.0012427586821706176
-0.004162983466952319
0.0
-0.0021337946410588055
-0.004162983466952319
0.0
0.00542095108975694
-0.0008883569594027563
0.0
-0.0027004050364527288
0.0
0.0
-0.00638985439536242
0.0
0.0
-0.0015287403040741055
-0.0043144027273995175
0.0
0.012085288797158896
-0.0005165463381086428
-0.01052202482516396
-0.0028520635487575417
-0.0043144027273995175
0.0
0.009613068607158746
-0.0043144027273995175
0.0015188359094137384
0.008194449493229148
-0.0005165463381086428
-0.01052202482516396
0.008194449493229148
-0.0005165463381086428
-0.01052202482516396
0.0176219048596088
-0.0043144027273995175
-0.01052202482516396
0.01221998586180565
-0.0043144027273995175
-0.006384564977197122
0.006359245673590426
-0.0043144027273995175
0.0015188359094137384
0.012573882421148375
-0.0043144027273995175
-0.006384564977197122
0.012573882421148375
-0.0043144027273995175
-0.006384564977197122
0.013096963538401105
-0.0043144027273995175
0.0015188359094137384
0.002538239464113659
0.0
0.0
0.007510536930262064
0.0
0.0
0.007706211520385531
0.0
0.0
0.007706211520385531
0.0
0.0
0.013614029101233
0.0037978563892908748
-0.01052202482516396
0.015072049410563188
0.0
-0.006384564977197122
0.0049722974661484025
0.0
0.0
0.004831101665704072
0.0
0.0
0.004831101665704072
0.0
0.0
-0.0759488909204962
-0.07924608663084877
-0.12335726954478363
0.004806461589279911
-0.07924608663084877
-0.05296548326376634
0.0016459710325344903
-0.07924608663084877
-0.05231444108878531
0.008008836252450066
0.0
-0.012040860734577698
0.0067377178648106726
0.0
0.0
-0.0745763094294586
-0.07924608663084877
-0.10355772724777046
-0.07152061693949413
-0.07924608663084877
-0.10481065315679702
-0.07152061693949413
-0.07924608663084877
-0.08310482997355019
-0.07522686571499423
-0.07924608663084877
-0.09438882074613511
0.0
-0.07924608663084877
-0.09438882074613511
0.0
-0.08304394302013965
-0.028109984306654782
0.0
0.0
0.014731744792219992
0.0
0.0
0.01465176350146509
-0.001421269849187894
0.0
0.0
0.0
0.0
0.0
0.0
0.0
0.0
0.0
0.0
0.0
0.0
0.0
0.0
0.0
0.0
0.0
0.0
0.0
0.0
0.0
0.0
0.0
0.0
0.0
0.0
0.0
0.0
0.0
0.0
0.0
0.0
0.0
0.0
0.0
0.0
0.0
0.0
0.0
0.0
0.0
0.0
0.0
0.0
0.0
0.0
0.0
0.0
0.0
0.0
0.0
0.0
0.0
0.0
0.0
0.0
0.0
0.0
0.0
0.0
0.0
0.0
0.0
0.0
0.0
0.0
0.0
0.0
0.0
0.0
0.0
0.0
0.0
0.0
0.0
0.0
0.0
0.0
0.0
0.0
0.0
0.0
0.0
0.0
0.0
0.0
0.0
0.0
0.0
0.0
0.0
0.0
0.0
0.0
0.0
0.0
0.0
0.0
0.0
0.0
0.0
0.0
0.0
0.0
0.0
0.0
0.0
0.0
0.0
0.0
0.0
0.0
0.0
0.0
0.0
0.0
0.0
0.0
0.0
0.0
0.0
0.0
0.0
0.0
0.0
0.0
0.0
0.0
0.0
0.0
0.0
0.0
0.0
0.0
0.0
0.0
0.0
0.0
0.0
0.0
0.0
0.0
0.0
0.0
0.0
0.0
0.0
0.0
0.0
0.0
0.0
0.0
0.0
0.0
0.0
0.0
0.0
0.0
0.0
0.0
0.0
0.0
0.0
0.0
0.0
0.0
0.0
0.0
0.0
0.0
0.0
0.0
0.0
0.0
0.0
0.0
0.0
0.0
0.0
0.0
0.0
0.0
0.0
0.0
0.0
0.0
0.0
0.0
0.0
0.0
0.0
0.0
0.0
0.0
0.0
0.0
0.0
0.0
0.0
0.0
0.0
0.0
0.0
0.0
0.0
0.0
0.0
0.0
0.0
0.0
0.0
0.0
0.0
0.0
0.0
0.0
0.0
0.0
0.0
0.0
0.0
0.0
0.0
0.0
0.0
0.0
0.0
0.0
0.0
0.0
0.0
0.0
0.0
0.0
0.0
0.0
0.0
0.0
0.0
0.0
0.0
0.0
0.0
0.0
0.0
0.0
0.0
0.0
0.0
0.0
0.0
0.0
0.0
0.0
0.0
0.0
0.0
0.0
0.0
0.0
0.0
0.0
0.0
0.0
0.0
0.0
0.0
0.0
0.0
0.0
0.0
0.0
0.0
0.0
0.0
0.0
0.0
0.0
0.0
0.0
0.0
0.0
0.0
0.0
0.0
0.0
0.0
0.0
0.0
0.0
0.0
0.0
0.0
0.0
0.0
0.0
0.0
0.0
0.0
0.0
0.0
0.0
0.0
0.0
0.0
0.0
0.0
0.0
0.0
0.0
0.0
0.0
0.0
0.0
0.0
0.0
0.0
0.0
0.0
0.0
0.0
0.0
0.0
0.0
0.0
0.0
0.0
0.0
0.0
0.0
0.0
0.0
0.0
0.0
0.0
0.0
0.0
0.0
0.0
0.0
0.0
0.0
0.0
0.0
0.0
0.0
0.0
0.0
0.0
0.0
0.0
0.0
0.0
0.0
0.0
0.0
0.0
0.0
0.0
0.0
0.0
0.0
0.0
0.0
0.0
0.0
0.0
0.0
0.0
0.0
0.0
0.0
0.0
0.0
0.0
0.0
0.0
0.0
0.0
0.0
0.0
0.0
0.0
0.0
0.0
0.0
0.0
0.0
0.0
0.0
0.0
0.0
0.0
0.0
0.0
0.0
0.0
0.0
0.0
0.0
0.0
0.0
0.0
0.0
0.0
0.0
0.0
0.0
0.0
0.0
0.0
0.0
0.0
0.0
0.0
0.0
0.0
0.0
0.0
0.0
0.0
0.0
0.0
0.0
0.0
0.0
0.0
0.0
0.0
0.0
0.0
0.0
0.0
0.0
0.0
0.0
0.0
0.0
0.0
0.0
0.0
0.0
0.0
0.0
0.0
0.0
0.0
0.0
0.0
0.0
0.0
0.0
0.0
0.0
0.0
0.0
0.0
0.0
0.0
0.0
0.0
0.0
0.0
0.0
0.0
0.0
0.0
0.0
0.0
0.0
0.0
0.0
0.0
0.0
0.0
0.0
0.0
0.0
0.0
0.0
0.0
0.0
0.0
0.0
0.0
0.0
0.0
0.0
0.0
0.0
0.0
0.0
0.0
0.0
0.0
0.0
0.0
0.0
0.0
0.0
0.0
0.0
0.0
0.0
0.0
0.0
0.0
0.0
0.0
0.0
0.0
0.0
0.0
0.0
0.0
0.0
0.0
0.0
0.0
0.0
0.0
0.0
0.0
0.0
0.0
0.0
0.0
0.0
0.0
0.0
0.0
0.0
0.0
0.0
0.0
0.0
0.0
0.0
0.0
0.0
0.0
0.0
0.0
0.0
0.0
0.0
0.0
0.0
0.0
0.0
0.0
0.0
0.0
0.0
0.0
0.0
0.0
0.0
0.0
0.0
0.0
0.0
0.0
0.0
0.0
0.0
0.0
0.0
0.0
0.0
0.0
0.0
0.0
0.0
0.0
0.0
0.0
0.0
0.0
0.0
0.0
0.0
0.0
0.0
0.0
0.0
0.0
0.0
0.0
0.0
0.0
0.0
0.0
0.0
0.0
0.0
0.0
0.0
0.0
0.0
0.0
0.0
0.0
0.0
0.0
0.0
0.0
0.0
0.0
0.0
0.0
0.0
0.0
0.0
0.0
0.0
0.0
0.0
0.0
0.0
0.0
0.0
0.0
0.0
0.0
0.0
0.0
0.0
0.0
0.0
0.0
0.0
0.0
0.0
0.0
0.0
0.0
0.0
0.0
0.0
0.0
0.0
0.0
0.0
0.0
0.0
0.0
0.0
0.0
0.0
0.0
0.0
0.0
0.0
0.0
0.0
0.0
0.0
0.0
0.0
0.0
0.0
0.0
0.0
0.0
0.0
0.0
0.0
0.0
0.0
0.0
0.0
0.0
0.0
0.0
0.0
0.0
0.0
0.0
0.0
0.0
0.0
0.0
0.0
0.0
0.0
0.0
0.0
0.0
0.0
0.0
0.0
0.0
0.0
0.0
0.0
0.0
0.0
0.0
0.0
0.0
0.0
0.0
0.0
0.0
0.0
0.0
0.0
0.0
0.0
0.0
0.0
0.0
0.0
0.0
0.0
0.0
0.0
0.0
0.0
0.0
0.0
0.0
0.0
0.0
0.0
0.0
0.0
0.0
0.0
0.0
0.0
0.0
0.0
0.0
0.0
0.0
0.0
0.0
0.0
0.0
0.0
0.0
0.0
0.0
0.0
0.0
0.0
0.0
0.0
0.0
0.0
0.0
0.0
0.0
0.0
0.0
0.0
0.0
0.0
0.0
0.0
0.0
0.0
0.0
0.0
0.0
0.0
0.0
0.0
0.0
0.0
0.0
0.0
0.0
0.0
0.0
0.0
0.0
0.0
0.0
0.0
0.0
0.0
0.0
0.0
0.0
0.0
0.0
0.0
0.0
0.0
0.0
0.0
0.0
0.0
0.0
0.0
0.0
0.0
0.0
0.0
0.0
0.0
0.0
0.0
0.0
0.0
0.0
0.0
0.0
0.0
0.0
0.0
0.0
0.0
0.0
0.0
0.0
0.0
0.0
0.0
0.0
0.0
0.0
0.0
0.0
0.0
0.0
0.0
0.0
0.0
0.0
0.0
0.0
0.0
0.0
0.0
0.0
0.0
0.0
0.0
0.0
0.0
0.0
0.0
0.0
0.0
0.0
0.0
0.0
0.0
0.0
0.0
0.0
0.0
0.0
0.0
0.0
0.0
0.0
0.0
0.0
0.0
0.0
0.0
0.0
0.0
0.0
0.0
0.0
0.0
0.0
0.0
0.0
0.0
0.0
0.0
0.0
0.0
0.0
0.0
0.0
0.0
0.0
0.0
0.0
0.0
0.0
0.0
0.0
0.0
0.0
0.0
0.0
0.0
0.0
0.0
0.0
0.0
0.0
0.0
0.0
0.0
0.0
0.0
0.0
0.0
0.0
0.0
0.0
0.0
0.0
0.0
0.0
0.0
0.0
0.0
0.0
0.0
0.0
0.0
0.0
0.0
0.0
0.0
0.0
0.0
0.0
0.0
0.0
0.0
0.0
0.0
0.0
0.0
0.0
0.0
0.0
0.0
0.0
0.0
0.0
0.0
0.0
0.0
0.0
0.0
0.0
0.0
0.0
0.0
0.0
0.0
0.0
0.0
0.0
0.0
0.0
0.0
0.0
0.0
0.0
0.0
0.0
0.0
0.0
0.0
0.0
0.0
0.0
0.0
0.0
0.0
0.0
0.0
0.0
0.0
0.0
0.0
0.0
0.0
0.0
0.0
0.0
0.0
0.0
0.0
0.0
0.0
0.0
0.0
0.0
0.0
0.0
0.0
0.0
0.0
0.0
0.0
0.0
0.0
0.0
0.0
0.0
0.0
0.0
0.0
0.0
0.0
0.0
0.0
0.0
0.0
0.0
0.0
0.0
0.0
0.0
0.0
0.0
0.0
0.0
0.0
0.0
0.0
0.0
0.0
0.0
0.0
0.0
0.0
0.0
0.0
0.0
0.0
0.0
0.0
0.0
0.0
0.0
0.0
0.0
0.0
0.0
0.0
0.0
0.0
0.0
0.0
0.0
0.0
0.0
0.0
0.0
0.0
0.0
0.0
0.0
0.0
0.0
0.0
0.0
0.0
0.0
0.0
0.0
0.0
0.0
0.0
0.0
0.0
0.0
0.0
0.0
0.0
0.0
0.0
0.0
0.0
0.0
0.0
0.0
0.0
0.0
0.0
0.0
0.0
0.0
0.0
0.0
0.0
0.0
0.0
0.0
0.0
0.0
0.0
0.0
0.0
0.0
0.0
0.0
0.0
0.0
0.0
0.0
0.0
0.0
0.0
0.0
0.0
0.0
0.0
0.0
0.0
0.0
0.0
0.0
0.0
0.0
0.0
0.0
0.0
0.0
0.0
0.0
0.0
0.0
0.0
0.0
0.0
0.0
0.0
0.0
0.0
0.0
0.0
0.0
0.0
0.0
0.0
0.0
0.0
0.0
0.0
0.0
0.0
0.0
0.0
0.0
0.0
0.0
0.0
0.0
0.0
0.0
0.0
0.0
0.0
0.0
0.0
0.0
0.0
0.0
0.0
0.0
0.0
0.0
0.0
0.0
0.0
0.0
0.0
0.0
0.0
0.0
0.0
0.0
0.0
0.0
0.0
0.0
0.0
0.0
0.0
0.0
0.0
0.0
0.0
0.0
0.0
0.0
0.0
0.0
0.0
0.0
0.0
0.0
0.0
0.0
0.0
0.0
0.0
0.0
0.0
0.0
0.0
0.0
0.0
0.0
0.0
0.0
0.0
0.0
0.0
0.0
0.0
0.0
0.0
0.0
0.0
0.0
0.0
0.0
0.0
0.0
0.0
0.0
0.0
0.0
0.0
0.0
0.0
0.0
0.0
0.0
0.0
0.0
0.0
0.0
0.0
0.0
0.0
0.0
0.0
0.0
0.0
0.0
0.0
0.0
0.0
0.0
0.0
0.0
0.0
0.0
0.0
0.0
0.0
0.0
0.0
0.0
0.0
0.0
0.0
0.0
0.0
0.0
0.0
0.0
0.0
0.0
0.0
0.0
0.0
0.0
0.0
0.0
0.0
0.0
0.0
0.0
0.0
0.0
0.0
0.0
0.0
0.0
0.0
0.0
0.0
0.0
0.0
0.0
0.0
0.0
0.0
0.0
0.0
0.0
0.0
0.0
0.0
0.0
0.0
0.0
0.0
0.0
0.0
0.0
0.0
0.0
0.0
0.0
0.0
0.0
0.0
0.0
0.0
0.0
0.0
0.0
0.0
0.0
0.0
0.0
0.0
0.0
0.0
0.0
0.0
0.0
0.0
0.0
0.0
0.0
0.0
0.0
0.0
0.0
0.0
0.0
0.0
0.0
0.0
0.0
0.0
0.0
0.0
0.0
0.0
0.0
0.0
0.0
0.0
0.0
0.0
0.0
0.0
0.0
0.0
0.0
0.0
0.0
0.0
0.0
0.0
0.0
0.0
0.0
0.0
0.0
0.0
0.0
0.0
0.0
0.0
0.0
0.0
0.0
0.0
0.0
0.0
0.0
0.0
0.0
0.0
0.0
0.0
0.0
0.0
0.0
0.0
0.0
0.0
0.0
0.0
0.0
0.0
0.0
0.0
0.0
0.0
0.0
0.0
0.0
0.0
0.0
0.0
0.0
0.0
0.0
0.0
0.0
0.0
0.0
0.0
0.0
0.0
0.0
0.0
0.0
0.0
0.0
0.0
0.0
0.0
0.0
0.0
0.0
0.0
0.0
0.0
0.0
0.0
0.0
0.0
0.0
0.0
0.0
0.0
0.0
0.0
0.0
0.0
0.0
0.0
0.0
0.0
0.0
0.0
0.0
0.0
0.0
0.0
0.0
0.0
0.0
0.0
0.0
0.0
0.0
0.0
0.0
0.0
0.0
0.0
0.0
0.0
0.0
0.0
0.0
0.0
0.0
0.0
0.0
0.0
0.0
0.0
0.0
0.0
0.0
0.0
0.0
0.0
0.0
0.0
0.0
0.0
0.0
0.0
0.0
0.0
0.0
0.0
0.0
0.0
0.0
0.0
0.0
0.0
0.0
0.0
0.0
0.0
0.0
0.0
0.0
0.0
0.0
0.0
0.0
0.0
0.0
0.0
0.0
0.0
0.0
0.0
0.0
0.0
0.0
0.0
0.0
0.0
0.0
0.0
0.0
0.0
0.0
0.0
0.0
0.0
0.0
0.0
0.0
0.0
0.0
0.0
0.0
0.0
0.0
0.0
0.0
0.0
0.0
0.0
0.0
0.0
0.0
0.0
0.0
0.0
0.0
0.0
0.0
0.0
0.0
0.0
0.0
0.0
0.0
0.0
0.0
0.0
0.0
0.0
0.0
0.0
0.0
0.0
0.0
0.0
0.0
0.0
0.0
0.0
0.0
0.0
0.0
0.0
0.0
0.0
0.0
0.0
0.0
0.0
0.0
0.0
0.0
0.0
0.0
0.0
0.0
0.0
0.0
0.0
0.0
0.0
0.0
0.0
0.0
0.0
0.0
0.0
0.0
0.0
0.0
0.0
0.0
0.0
0.0
0.0
0.0
0.0
0.0
0.0
0.0
0.0
0.0
0.0
0.0
0.0
0.0
0.0
0.0
0.0
0.0
0.0
0.0
0.0
0.0
0.0
0.0
0.0
0.0
0.0
0.0
0.0
0.0
0.0
0.0
0.0
0.0
0.0
0.0
0.0
0.0
0.0
0.0
0.0
0.0
0.0
0.0
0.0
0.0
0.0
0.0
0.0
0.0
0.0
0.0
0.0
0.0
0.0
0.0
0.0
0.0
0.0
0.0
0.0
0.0
0.0
0.0
0.0
0.0
0.0
0.0
0.0
0.0
0.0
0.0
0.0
0.0
0.0
0.0
0.0
0.0
0.0
0.0
0.0
0.0
0.0
0.0
0.0
0.0
0.0
0.0
0.0
0.0
0.0
0.0
0.0
0.0
0.0
0.0
0.0
0.0
0.0
0.0
0.0
0.0
0.0
0.0
0.0
0.0
0.0
0.0
0.0
0.0
0.0
0.0
0.0
0.0
0.0
0.0
0.0
0.0
0.0
0.0
0.0
0.0
0.0
0.0
0.0
0.0
0.0
0.0
0.0
0.0
0.0
0.0
0.0
0.0
0.0
0.0
0.0
0.0
0.0
0.0
0.0
0.0
0.0
0.0
0.0
0.0
0.0
0.0
0.0
0.0
0.0
0.0
0.0
0.0
0.0
0.0
0.0
0.0
0.0
0.0
0.0
0.0
0.0
0.0
0.0
0.0
0.0
0.0
0.0
0.0
0.0
0.0
0.0
0.0
0.0
0.0
0.0
0.0
0.0
0.0
0.0
0.0
0.0
0.0
0.0
0.0
0.0
0.0
0.0
0.0
0.0
0.0
0.0
0.0
0.0
0.0
0.0
0.0
0.0
0.0
0.0
0.0
0.0
0.0
0.0
0.0
0.0
0.0
0.0
0.0
0.0
0.0
0.0
0.0
0.0
0.0
0.0
0.0
0.0
0.0
0.0
0.0
0.0
0.0
0.0
0.0
0.0
0.0
0.0
0.0
0.0
0.0
0.0
0.0
0.0
0.0
0.0
0.0
0.0
0.0
0.0
0.0
0.0
0.0
0.0
0.0
0.0
0.0
0.0
0.0
0.0
0.0
0.0
0.0
0.0
0.0
0.0
0.0
0.0
0.0
0.0
0.0
0.0
0.0
0.0
0.0
0.0
0.0
0.0
0.0
0.0
0.0
0.0
0.0
0.0
0.0
0.0
0.0
0.0
0.0
0.0
0.0
0.0
0.0
0.0
0.0
0.0
0.0
0.0
0.0
0.0
0.0
0.0
0.0
0.0
0.0
0.0
0.0
0.0
0.0
0.0
0.0
0.0
0.0
0.0
0.0
0.0
0.0
0.0
0.0
0.0
0.0
0.0
0.0
0.0
0.0
0.0
0.0
0.0
0.0
0.0
0.0
0.0
0.0
0.0
0.0
0.0
0.0
0.0
0.0
0.0
0.0
0.0
0.0
0.0
0.0
0.0
0.0
0.0
0.0
0.0
0.0
0.0
0.0
0.0
0.0
0.0
0.0
0.0
0.0
0.0
0.0
0.0
0.0
0.0
0.0
0.0
0.0
0.0
0.0
0.0
0.0
0.0
0.0
0.0
0.0
0.0
0.0
0.0
0.0
0.0
0.0
0.0
0.0
0.0
0.0
0.0
0.0
0.0
0.0
0.0
0.0
0.0
0.0
0.0
0.0
0.0
0.0
0.0
0.0
0.0
0.0
0.0
0.0
0.0
0.0
0.0
0.0
0.0
0.0
0.0
0.0
0.0
0.0
0.0
0.0
0.0
0.0
0.0
0.0
0.0
0.0
0.0
0.0
0.0
0.0
0.0
0.0
0.0
0.0
0.0
0.0
0.0
0.0
0.0
0.0
0.0
0.0
0.0
0.0
0.0
0.0
0.0
0.0
0.0
0.0
0.0
0.0
0.0
0.0
0.0
0.0
0.0
0.0
0.0
0.0
0.0
0.0
0.0
0.0
0.0
0.0
0.0
0.0
0.0
0.0
0.0
0.0
0.0
0.0
0.0
0.0
0.0
0.0
0.0
0.0
0.0
0.0
0.0
0.0
0.0
0.0
0.0
0.0
0.0
0.0
0.0
0.0
0.0
0.0
0.0
0.0
0.0
0.0
0.0
0.0
0.0
0.0
0.0
0.0
0.0
0.0
0.0
0.0
0.0
0.0
0.0
0.0
0.0
0.0
0.0
0.0
0.0
0.0
0.0
0.0
0.0
0.0
0.0
0.0
0.0
0.0
0.0
0.0
0.0
0.0
0.0
0.0
0.0
0.0
0.0
0.0
0.0
0.0
0.0
0.0
0.0
0.0
0.0
0.0
0.0
0.0
0.0
0.0
0.0
0.0
0.0
0.0
0.0
0.0
0.0
0.0
0.0
0.0
0.0
0.0
0.0
0.0
0.0
0.0
0.0
0.0
0.0
0.0
0.0
0.0
0.0
0.0
0.0
0.0
0.0
0.0
0.0
0.0
0.0
0.0
0.0
0.0
0.0
0.0
0.0
0.0
0.0
0.0
0.0
0.0
0.0
0.0
0.0
0.0
0.0
0.0
0.0
0.0
0.0
0.0
0.0
0.0
0.0
0.0
0.0
0.0
0.0
0.0
0.0
0.0
0.0
0.0
0.0
0.0
0.0
0.0
0.0
0.0
0.0
0.0
0.0
0.0
0.0
0.0
0.0
0.0
0.0
0.0
0.0
0.0
0.0
0.0
0.0
0.0
0.0
0.0
0.0
0.0
0.0
0.0
0.0
0.0
0.0
0.0
0.0
0.0
0.0
0.0
0.0
0.0
0.0
0.0
0.0
0.0
0.0
0.0
0.0
0.0
0.0
0.0
0.0
0.0
0.0
0.0
0.0
0.0
0.0
0.0
0.0
0.0
0.0
0.0
0.0
0.0
0.0
0.0
0.0
0.0
0.0
0.0
0.0
0.0
0.0
0.0
0.0
0.0
0.0
0.0
0.0
0.0
0.0
0.0
0.0
0.0
0.0
0.0
0.0
0.0
0.0
0.0
0.0
0.0
0.0
0.0
0.0
0.0
0.0
0.0
0.0
0.0
0.0
0.0
0.0
0.0
0.0
0.0
0.0
0.0
0.0
0.0
0.0
0.0
0.0
0.0
0.0
0.0
0.0
0.0
0.0
0.0
0.0
0.0
0.0
0.0
0.0
0.0
0.0
0.0
0.0
0.0
0.0
0.0
0.0
0.0
0.0
0.0
0.0
0.0
0.0
0.0
0.0
0.0
0.0
0.0
0.0
0.0
0.0
0.0
0.0
0.0
0.0
0.0
0.0
0.0
0.0
0.0
0.0
0.0
0.0
0.0
0.0
0.0
0.0
0.0
0.0
0.0
0.0
0.0
0.0
0.0
0.0
0.0
0.0
0.0
0.0
0.0
0.0
0.0
0.0
0.0
0.0
0.0
0.0
0.0
0.0
0.0
0.0
0.0
0.0
0.0
0.0
0.0
0.0
0.0
0.0
0.0
0.0
0.0
0.0
0.0
0.0
0.0
0.0
0.0
0.0
0.0
0.0
0.0
0.0
0.0
0.0
0.0
0.0
0.0
0.0
0.0
0.0
0.0
0.0
0.0
0.0
0.0
0.0
0.0
0.0
0.0
0.0
0.0
0.0
0.0
0.0
0.0
0.0
0.0
0.0
0.0
0.0
0.0
0.0
0.0
0.0
0.0
0.0
0.0
0.0
0.0
0.0
0.0
0.0
0.0
0.0
0.0
0.0
0.0
0.0
0.0
0.0
0.0
0.0
0.0
0.0
0.0
0.0
0.0
0.0
0.0
0.0
0.0
0.0
0.0
0.0
0.0
0.0
0.0
0.0
0.0
0.0
0.0
0.0
0.0
0.0
0.0
0.0
0.0
0.0
0.0
0.0
0.0
0.0
0.0
0.0
0.0
0.0
0.0
0.0
0.0
0.0
0.0
0.0
0.0
0.0
0.0
0.0
0.0
0.0
0.0
0.0
0.0
0.0
0.0
0.0
0.0
0.0
0.0
0.0
0.0
0.0
0.0
0.0
0.0
0.0
0.0
0.0
0.0
0.0
0.0
0.0
0.0
0.0
0.0
0.0
0.0
0.0
0.0
0.0
0.0
0.0
0.0
0.0
0.0
0.0
0.0
0.0
0.0
0.0
0.0
0.0
0.0
0.0
0.0
0.0
0.0
0.0
0.0
0.0
0.0
0.0
0.0
0.0
0.0
0.0
0.0
0.0
0.0
0.0
0.0
0.0
0.0
0.0
0.0
0.0
0.0
0.0
0.0
0.0
0.0
0.0
0.0
0.0
0.0
0.0
0.0
0.0
0.0
0.0
0.0
0.0
0.0
0.0
0.0
0.0
0.0
0.0
0.0
0.0
0.0
0.0
0.0
0.0
0.0
0.0
0.0
0.0
0.0
0.0
0.0
0.0
0.0
0.0
0.0
0.0
0.0
0.0
0.0
0.0
0.0
0.0
0.0
0.0
0.0
0.0
0.0
0.0
0.0
0.0
0.0
0.0
0.0
0.0
0.0
0.0
0.0
0.0
0.0
0.0
0.0
0.0
0.0
0.0
0.0
0.0
0.0
0.0
0.0
0.0
0.0
0.0
0.0
0.0
0.0
0.0
0.0
0.0
0.0
0.0
0.0
0.0
0.0
0.0
0.0
0.0
0.0
0.0
0.0
0.0
0.0
0.0
0.0
0.0
0.0
0.0
0.0
0.0
0.0
0.0
0.0
0.0
0.0
0.0
0.0
0.0
0.0
0.0
0.0
0.0
0.0
0.0
0.0
0.0
0.0
0.0
0.0
0.0
0.0
0.0
0.0
0.0
0.0
0.0
0.0
0.0
0.0
0.0
0.0
0.0
0.0
0.0
0.0
0.0
0.0
0.0
0.0
0.0
0.0
0.0
0.0
0.0
0.0
0.0
0.0
0.0
0.0
0.0
0.0
0.0
0.0
0.0
0.0
0.0
0.0
0.0
0.0
0.0
0.0
0.0
0.0
0.0
0.0
0.0
0.0
0.0
0.0
0.0
0.0
0.0
0.0
0.0
0.0
0.0
0.0
0.0
0.0
0.0
0.0
0.0
0.0
0.0
0.0
0.0
0.0
0.0
0.0
0.0
0.0
0.0
0.0
0.0
0.0
0.0
0.0
0.0
0.0
0.0
0.0
0.0
0.0
0.0
0.0
0.0
0.0
0.0
0.0
0.0
0.0
0.0
0.0
0.0
0.0
0.0
0.0
0.0
0.0
0.0
0.0
0.0
0.0
0.0
0.0
0.0
0.0
0.0
0.0
0.0
0.0
0.0
0.0
0.0
0.0
0.0
0.0
0.0
0.0
0.0
0.0
0.0
0.0
0.0
0.0
0.0
0.0
0.0
0.0
0.0
0.0
0.0
0.0
0.0
0.0
0.0
0.0
0.0
0.0
0.0
0.0
0.0
0.0
0.0
0.0
0.0
0.0
0.0
0.0
0.0
0.0
0.0
0.0
0.0
0.0
0.0
0.0
0.0
0.0
0.0
0.0
0.0
0.0
0.0
0.0
0.0
0.0
0.0
0.0
0.0
0.0
0.0
0.0
0.0
0.0
0.0
0.0
0.0
0.0
0.0
0.0
0.0
0.0
0.0
0.0
0.0
0.0
0.0
0.0
0.0
0.0
0.0
0.0
0.0
0.0
0.0
0.0
0.0
0.0
0.0
0.0
0.0
0.0
0.0
0.0
0.0
0.0
0.0
0.0
0.0
0.0
0.0
0.0
0.0
0.0
0.0
0.0
0.0
0.0
0.0
0.0
0.0
0.0
0.0
0.0
0.0
0.0
0.0
0.0
0.0
0.0
0.0
0.0
0.0
0.0
0.0
0.0
0.0
0.0
0.0
0.0
0.0
0.0
0.0
0.0
0.0
0.0
0.0
0.0
0.0
0.0
0.0
0.0
0.0
0.0
0.0
0.0
0.0
0.0
0.0
0.0
0.0
0.0
0.0
0.0
0.0
0.0
0.0
0.0
0.0
0.0
0.0
0.0
0.0
0.0
0.0
0.0
0.0
0.0
0.0
0.0
0.0
0.0
0.0
0.0
0.0
0.0
0.0
0.0
0.0
0.0
0.0
0.0
0.0
0.0
0.0
0.0
0.0
0.0
0.0
0.0
0.0
0.0
0.0
0.0
0.0
0.0
0.0
0.0
0.0
0.0
0.0
0.0
0.0
0.0
0.0
0.0
0.0
0.0
0.0
0.0
0.0
0.0
0.0
0.0
0.0
0.0
0.0
0.0
0.0
0.0
0.0
0.0
0.0
0.0
0.0
0.0
0.0
0.0
0.0
0.0
0.0
0.0
0.0
0.0
0.0
0.0
0.0
0.0
0.0
0.0
0.0
0.0
0.0
0.0
0.0
0.0
0.0
0.0
0.0
0.0
0.0
0.0
0.0
0.0
0.0
0.0
0.0
0.0
0.0
0.0
0.0
0.0
0.0
0.0
0.0
0.0
0.0
0.0
0.0
0.0
0.0
0.0
0.0
0.0
0.0
0.0
0.0
0.0
0.0
0.0
0.0
0.0
0.0
0.0
0.0
0.0
0.0
0.0
0.0
0.0
0.0
0.0
0.0
0.0
0.0
0.0
0.0
0.0
0.0
0.0
0.0
0.0
0.0
0.0
0.0
0.0
0.0
0.0
0.0
0.0
0.0
0.0
0.0
0.0
0.0
0.0
0.0
0.0
0.0
0.0
0.0
0.0
0.0
0.0
0.0
0.0
0.0
0.0
0.0
0.0
0.0
0.0
0.0
0.0
0.0
0.0
0.0
0.0
0.0
0.0
0.0
0.0
0.0
0.0
0.0
0.0
0.0
0.0
0.0
0.0
0.0
0.0
0.0
0.0
0.0
0.0
0.0
0.0
0.0
0.0
0.0
0.0
0.0
0.0
0.0
0.0
0.0
0.0
0.0
0.0
0.0
0.0
0.0
0.0
0.0
0.0
0.0
0.0
0.0
0.0
0.0
0.0
0.0
0.0
0.0
0.0
0.0
0.0
0.0
0.0
0.0
0.0
0.0
0.0
0.0
0.0
0.0
0.0
0.0
0.0
0.0
0.0
0.0
0.0
0.0
0.0
0.0
0.0
0.0
0.0
0.0
0.0
0.0
0.0
0.0
0.0
0.0
0.0
0.0
0.0
0.0
0.0
0.0
0.0
0.0
0.0
0.0
0.0
0.0
0.0
0.0
0.0
0.0
0.0
0.0
0.0
0.0
0.0
0.0
0.0
0.0
0.0
0.0
0.0
0.0
0.0
0.0
0.0
0.0
0.0
0.0
0.0
0.0
0.0
0.0
0.0
0.0
0.0
0.0
0.0
0.0
0.0
0.0
0.0
0.0
0.0
0.0
0.0
0.0
0.0
0.0
0.0
0.0
0.0
0.0
0.0
0.0
0.0
0.0
0.0
0.0
0.0
0.0
0.0
0.0
0.0
0.0
0.0
0.0
0.0
0.0
0.0
0.0
0.0
0.0
0.0
0.0
0.0
0.0
0.0
0.0
0.0
0.0
0.0
0.0
0.0
0.0
0.0
0.0
0.0
0.0
0.0
0.0
0.0
0.0
0.0
0.0
0.0
0.0
0.0
0.0
0.0
0.0
0.0
0.0
0.0
0.0
0.0
0.0
0.0
0.0
0.0
0.0
0.0
0.0
0.0
0.0
0.0
0.0
0.0
0.0
0.0
0.0
0.0
0.0
0.0
0.0
0.0
0.0
0.0
0.0
0.0
0.0
0.0
0.0
0.0
0.0
0.0
0.0
0.0
0.0
0.0
0.0
0.0
0.0
0.0
0.0
0.0
0.0
0.0
0.0
0.0
0.0
0.0
0.0
0.0
0.0
0.0
0.0
0.0
0.0
0.0
0.0
0.0
0.0
0.0
0.0
0.0
0.0
0.0
0.0
0.0
0.0
0.0
0.0
0.0
0.0
0.0
0.0
0.0
0.0
0.0
0.0
0.0
0.0
0.0
0.0
0.0
0.0
0.0
0.0
0.0
0.0
0.0
0.0
0.0
0.0
0.0
0.0
0.0
0.0
0.0
0.0
0.0
0.0
0.0
0.0
0.0
0.0
0.0
0.0
0.0
0.0
0.0
0.0
0.0
0.0
0.0
0.0
0.0
0.0
0.0
0.0
0.0
0.0
0.0
0.0
0.0
0.0
0.0
0.0
0.0
0.0
0.0
0.0
0.0
0.0
0.0
0.0
0.0
0.0
0.0
0.0
0.0
0.0
0.0
0.0
0.0
0.0
0.0
0.0
0.0
0.0
0.0
0.0
0.0
0.0
0.0
0.0
0.0
0.0
0.0
0.0
0.0
0.0
0.0
0.0
0.0
0.0
0.0
0.0
0.0
0.0
0.0
0.0
0.0
0.0
0.0
0.0
0.0
0.0
0.0
0.0
0.0
0.0
0.0
0.0
0.0
0.0
0.0
0.0
0.0
0.0
0.0
0.0
0.0
0.0
0.0
0.0
0.0
0.0
0.0
0.0
0.0
0.0
0.0
0.0
0.0
0.0
0.0
0.0
0.0
0.0
0.0
0.0
0.0
0.0
0.0
0.0
0.0
0.0
0.0
0.0
0.0
0.0
0.0
0.0
0.0
0.0
0.0
0.0
0.0
0.0
0.0
0.0
0.0
0.0
0.0
0.0
0.0
0.0
0.0
0.0
0.0
0.0
0.0
0.0
0.0
0.0
0.0
0.0
0.0
0.0
0.0
0.0
0.0
0.0
0.0
0.0
0.0
0.0
0.0
0.0
0.0
0.0
